<?xml version="1.0" encoding="UTF-8"?>
<!-- Generated by org.testng.reporters.JUnitReportReporter -->
<testsuite skipped="0" hostname="MAVRLT563" name="com.TestNGAssignment.TestCase1" tests="1" failures="0" timestamp="03 Jul 2020 13:32:29 GMT" time="0.020" errors="0">
  <testcase name="Subtraction" time="0.020" classname="com.TestNGAssignment.TestCase1"/>
</testsuite> <!-- com.TestNGAssignment.TestCase1 -->
