<?xml version="1.0" encoding="UTF-8"?>
<!-- Generated by org.testng.reporters.JUnitReportReporter -->
<testsuite skipped="0" hostname="MAVRLT563" name="com.TestNGAssignment.TestCase2" tests="2" failures="0" timestamp="03 Jul 2020 13:32:29 GMT" time="0.022" errors="0">
  <testcase name="negate" time="0.002" classname="com.TestNGAssignment.TestCase2"/>
  <testcase name="multiplication" time="0.020" classname="com.TestNGAssignment.TestCase2"/>
</testsuite> <!-- com.TestNGAssignment.TestCase2 -->
